C51 COMPILER V7.50   CONTROL_LOGIC                                                         02/03/2010 11:31:06 PAGE 1   


C51 COMPILER V7.50, COMPILATION OF MODULE CONTROL_LOGIC
OBJECT MODULE PLACED IN .\Build\control_logic.obj
COMPILER INVOKED BY: C:\Keil\C51\BIN\C51.EXE Modbus\control_logic.c LARGE OMF2 ROM(D16M) BROWSE INTVECTOR(0X6020) INCDIR
                    -(..\SRC\FreeRTOSSource\include\;..\SRC\FreeRTOSSource\portable\Keil\AX11000;..\SRC\CPU\;..\SRC\MS_TIMER\;..\SRC\SW_DMA\;
                    -..\SRC\UART\;..\SRC\ETHERNET\;..\SRC\APPLICATION\;..\SRC\ETHERNET\;..\SRC\uIP\;..\SRC\ADAPTER;..\SRC\main;..\SRC\SD_Card
                    -\;..\SRC\GSM\;..\SRC\Web\;..\SRC\SPI\;..\SRC\I2C\;..\SRC\PCA\;..\SRC\Modbus\;..\SRC\buffer\) DEFINE(KEIL_AX11000) VARBAN
                    -KING DEBUG PRINT(.\Build\control_logic.lst) OBJECT(.\Build\control_logic.obj)

line level    source

   1          #include "T4IO.h"
   2          #if T4_IO
   3          
   4          
   5          
   6          #else
                
              #endif


MODULE INFORMATION:   STATIC OVERLAYABLE
   CODE SIZE        =   ----    ----
   CONSTANT SIZE    =   ----    ----
   XDATA SIZE       =   ----    ----
   PDATA SIZE       =   ----    ----
   DATA SIZE        =   ----    ----
   IDATA SIZE       =   ----    ----
   BIT SIZE         =   ----    ----
   EDATA SIZE       =   ----    ----
   HDATA SIZE       =   ----    ----
   XDATA CONST SIZE =   ----    ----
   FAR CONST SIZE   =   ----    ----
END OF MODULE INFORMATION.


C51 COMPILATION COMPLETE.  0 WARNING(S),  0 ERROR(S)
