C51 COMPILER V9.00   MSTIMER                                                               05/08/2013 16:47:34 PAGE 1   


C51 COMPILER V9.00, COMPILATION OF MODULE MSTIMER
OBJECT MODULE PLACED IN .\Build\mstimer.obj
COMPILER INVOKED BY: C:\Keil\C51\BIN\C51.EXE MS_TIMER\mstimer.c LARGE OMF2 ROM(D16M) BROWSE INTVECTOR(0X6020) INCDIR(..\
                    -SRC\FreeRTOSSource\include\;..\SRC\FreeRTOSSource\portable\Keil\AX11000;..\SRC\CPU\;..\SRC\MS_TIMER\;..\SRC\SW_DMA\;..\S
                    -RC\UART\;..\SRC\ETHERNET\;..\SRC\APPLICATION\;..\SRC\ETHERNET\;..\SRC\tcpip\;..\SRC\ADAPTER;..\SRC\main;..\SRC\SD_Card\;
                    -..\SRC\GSM\;..\SRC\Web\;..\SRC\SPI\;..\SRC\I2C\;..\SRC\PCA\;..\SRC\Modbus\;..\SRC\buffer\;..\SRC\hsur\;..\SRC\management
                    -\;..\SRC\dhcp\;..\SRC\pppoe\;..\SRC\flash;..\SRC\SNTP;..\SRC\display;..\SRC\key;..\SRC\schedule;..\SRC\program;..\SRC\Sc
                    -an) DEFINE(KEIL_AX11000) VARBANKING DEBUG PRINT(.\Build\mstimer.lst) OBJECT(.\Build\mstimer.obj)

line level    source

   1          /*
   2           ******************************************************************************
   3           *     Copyright (c) 2006       ASIX Electronic Corporation      All rights reserved.
   4           *
   5           *     This is unpublished proprietary source code of ASIX Electronic Corporation
   6           *
   7           *     The copyright notice above does not evidence any actual or intended
   8           *     publication of such source code.
   9           ******************************************************************************
  10           */
  11           /*============================================================================
  12           * Module Name: mstimer.c
  13           * Purpose:
  14           * Author:
  15           * Date:
  16           * Notes:
  17           * $Log: mstimer.c,v $
  18           * Revision 1.2  2006/07/25 05:34:56  borbin
  19           * no message
  20           *
  21           * Revision 1.1.1.1  2006/06/20 05:50:28  borbin
  22           * no message
  23           *
  24           *=============================================================================
  25           */
  26          
  27          /* INCLUDE FILE DECLARATIONS */
  28          #include "reg80390.h"
  29          #include "mstimer.h"
  30          #include "interrupt.h"
  31          #include "dma.h"
  32          #include "ax11000_cfg.h"
  33          #include "portmacro.h"
  34          
  35          
  36          /* NAMING CONSTANT DECLARATIONS */
  37          
  38          /* GLOBAL VARIABLES DECLARATIONS */
  39          U8_T IDATA ExecuteRuntimeFlag _at_ 0x30;
  40          
  41          /*
  42           * ----------------------------------------------------------------------------
  43           * Function Name: SWTIMER_Tick
  44           * Purpose: Get software timer count.
  45           * Params:
  46           * Returns:
  47           * Note:
  48           * ----------------------------------------------------------------------------
  49           */
  50           extern volatile portTickType xTickCount;
C51 COMPILER V9.00   MSTIMER                                                               05/08/2013 16:47:34 PAGE 2   

  51          U32_T SWTIMER_Tick(void)
  52          {
  53   1              U32_T   timer;
  54   1              U8_T    isr;
  55   1      
  56   1              isr = EA;
  57   1              EA = 0;
  58   1              timer = xTickCount;
  59   1              EA = isr;
  60   1              return timer;
  61   1      
  62   1      } /* End of SWTIMER_Tick */
  63          
  64          
  65          /* End of mstmier.c */


MODULE INFORMATION:   STATIC OVERLAYABLE
   CODE SIZE        =     53    ----
   CONSTANT SIZE    =   ----    ----
   XDATA SIZE       =   ----       4
   PDATA SIZE       =   ----    ----
   DATA SIZE        =   ----    ----
   IDATA SIZE       =   ----    ----
   BIT SIZE         =   ----    ----
   EDATA SIZE       =   ----    ----
   HDATA SIZE       =   ----    ----
   XDATA CONST SIZE =   ----    ----
   FAR CONST SIZE   =   ----    ----
END OF MODULE INFORMATION.


C51 COMPILATION COMPLETE.  0 WARNING(S),  0 ERROR(S)
