C51 COMPILER V9.00   SI2C                                                                  05/08/2013 16:47:37 PAGE 1   


C51 COMPILER V9.00, COMPILATION OF MODULE SI2C
OBJECT MODULE PLACED IN .\Build\sI2C.obj
COMPILER INVOKED BY: C:\Keil\C51\BIN\C51.EXE Modbus\sI2C.c LARGE OMF2 ROM(D16M) BROWSE INTVECTOR(0X6020) INCDIR(..\SRC\F
                    -reeRTOSSource\include\;..\SRC\FreeRTOSSource\portable\Keil\AX11000;..\SRC\CPU\;..\SRC\MS_TIMER\;..\SRC\SW_DMA\;..\SRC\UA
                    -RT\;..\SRC\ETHERNET\;..\SRC\APPLICATION\;..\SRC\ETHERNET\;..\SRC\tcpip\;..\SRC\ADAPTER;..\SRC\main;..\SRC\SD_Card\;..\SR
                    -C\GSM\;..\SRC\Web\;..\SRC\SPI\;..\SRC\I2C\;..\SRC\PCA\;..\SRC\Modbus\;..\SRC\buffer\;..\SRC\hsur\;..\SRC\management\;..\
                    -SRC\dhcp\;..\SRC\pppoe\;..\SRC\flash;..\SRC\SNTP;..\SRC\display;..\SRC\key;..\SRC\schedule;..\SRC\program;..\SRC\Scan) D
                    -EFINE(KEIL_AX11000) VARBANKING DEBUG PRINT(.\Build\sI2C.lst) OBJECT(.\Build\sI2C.obj)

line level    source

   1          #if 1
   2          
   3          #include "main.h"
   4          #include "sI2C.h"
   5          
   6          
   7          /*;***********************************/
   8          /*;i2c_startup sequence of 24Cxx*/
   9          void sI2C_start()
  10          {
  11   1              I2C_SCL=0;
  12   1              I2C_SDA = 1;
  13   1              I2C_SCL = 1;
  14   1              I2C_SDA = 0;
  15   1              I2C_SCL=0;       
  16   1      }
  17          
  18          /*;************************************/
  19          /*;i2c_stop sequence of 24Cxx*/
  20          void sI2C_stop()
  21          {
  22   1              I2C_SDA = 0;
  23   1              I2C_SCL = 1; 
  24   1              I2C_SDA = 1;  
  25   1      
  26   1      }
  27          
  28          /*;**************************************/
  29          /*;detect the ACK signal to 24Cxx*/
  30          U8_T sI2C_ACK( void )
  31          {
  32   1         U8_T c;
  33   1         I2C_SDA=1;
  34   1         I2C_SCL=1;
  35   1         c=I2C_SDA;
  36   1         I2C_SCL=0;   
  37   1         return c;   
  38   1      }
  39          
  40          
  41          
  42          /*;************************************/
  43          /*;send a 8-U8_T data to 24Cxx*/
  44          void sI2C_write( U8_T ch )
  45          {
  46   1              U8_T i = 8;
  47   1              do
  48   1              {    
  49   2                      I2C_SDA = ( ch & 0x80 );
  50   2                      I2C_SCL=1;              
C51 COMPILER V9.00   SI2C                                                                  05/08/2013 16:47:37 PAGE 2   

  51   2                      I2C_SCL=0;
  52   2                      ch<<=1;
  53   2      
  54   2              } while( --i != 0 );  
  55   1      }
  56          
  57          
  58          /*;**************************************/
  59          /*;receive a 8-U8_T data from 24Cxx*/
  60          U8_T sI2C_read( void )
  61          {
  62   1              U8_T i, data1 = 0;
  63   1      
  64   1              for( i=0; i<8; i++ )
  65   1              {
  66   2                      I2C_SCL = 1;
  67   2                      data1 = ( data1 << 1 ) | I2C_SDA;
  68   2                      I2C_SCL = 0;
  69   2                      DELAY_Us(1);  // this is to slow down all i2c communication so that the pic chip 
  70   2                                                // is able to run better. MDF 12/01/04
  71   2              }  
  72   1              return data1;
  73   1      }
  74          
  75          #endif


MODULE INFORMATION:   STATIC OVERLAYABLE
   CODE SIZE        =    104    ----
   CONSTANT SIZE    =   ----    ----
   XDATA SIZE       =   ----       2
   PDATA SIZE       =   ----    ----
   DATA SIZE        =   ----    ----
   IDATA SIZE       =   ----    ----
   BIT SIZE         =   ----    ----
   EDATA SIZE       =   ----    ----
   HDATA SIZE       =   ----    ----
   XDATA CONST SIZE =   ----    ----
   FAR CONST SIZE   =   ----    ----
END OF MODULE INFORMATION.


C51 COMPILATION COMPLETE.  0 WARNING(S),  0 ERROR(S)
