AutoECO Report
FILE-A: Z:\DESIGNS\CM5\TOP\REV7\MAIN\CM5MOD_REV7.MAX
FILE-B: Z:\DESIGNS\CM5\TOP\REV7\MAIN\CM5MOD_REV7.MNL
If "*EOF*" immediately follows, no changes were made
Adding footprint SIP/TM/L.500/5
Adding component J12
Adding component JP1
ERROR: No footprint found for comp JP1
*EOF*
ECO cancelled by user
------------------------------
D10:  0.0500 SQUARE --       0 Draws,     102 Flashes
D11:  0.0580 ROUND  --       0 Draws,      69 Flashes
D12:  0.0600 SQUARE --       0 Draws,       6 Flashes
D13:  0.0580 SQUARE --       0 Draws,       9 Flashes
D14:  0.0670 ROUND  --       0 Draws,       2 Flashes
D15:  0.0520 ROUND  --       0 Draws,       1 Flashes
D16:  0.0520 SQUARE --       0 Draws,       1 Flashes
D17:  0.0640 ROUND  --       0 Draws,       7 Flashes
D18:  0.0640 SQUARE --       0 Draws,       3 Flashes
D19:  0.0401 x 0.0197 RECTANGLE -----      42 Flashes
D20:  0.1140 x 0.0560 RECTANGLE -----      22 Flashes
D21:  0.0560 x 0.0920 RECTANGLE -----       6 Flashes
D22:  0.0560 x 0.1140 RECTANGLE -----       6 Flashes
D23:  0.0920 x 0.0560 RECTANGLE -----       6 Flashes
D24:  0.0380 x 0.0320 RECTANGLE -----      32 Flashes
D25:  0.0550 ROUND  --       0 Draws,      17 Flashes
D26:  0.0550 SQUARE --       0 Draws,       7 Flashes
D27:  0.0472 ROUND  --       0 Draws,      45 Flashes
D28:  0.0472 SQUARE --       0 Draws,       5 Flashes
D29:  0.2200 ROUND  --       0 Draws,       6 Flashes
D30:  0.0340 x 0.0500 RECTANGLE -----       5 Flashes
D31:  0.0340 x 0.0400 RECTANGLE -----      10 Flashes
D32:  0.0200 x 0.0350 RECTANGLE -----      64 Flashes
D33:  0.0137 x 0.0350 RECTANGLE -----      64 Flashes
D34:  0.0760 x 0.1740 RECTANGLE -----      12 Flashes
D35:  0.1000 x 0.0640 RECTANGLE -----      18 Flashes
D36:  0.0640 x 0.1000 RECTANGLE -----       2 Flashes
D37:  0.0750 ROUND  --       0 Draws,      16 Flashes
D38:  0.0500 x 0.0300 RECTANGLE -----      30 Flashes
D39:  0.0300 x 0.0500 RECTANGLE -----      32 Flashes
D40:  0.1063 x 0.1181 RECTANGLE -----       2 Flashes
D41:  0.0118 x 0.1181 RECTANGLE -----      16 Flashes
D42:  0.0860 x 0.0240 OBLONG    -----      38 Flashes
D43:  0.0860 x 0.0240 RECTANGLE -----       2 Flashes
D44:  0.0240 x 0.0860 OBLONG    -----      36 Flashes
D45:  0.0240 x 0.0860 RECTANGLE -----       2 Flashes
D46:  0.1420 x 0.0880 RECTANGLE -----       1 Flashes
D47:  0.0480 x 0.0880 RECTANGLE -----       3 Flashes
D48:  0.0450 ROUND  --       0 Draws,       1 Flashes
D49:  0.0610 ROUND  --       0 Draws,       1 Flashes
D50:  0.0010 ROUND  --  106300 Draws,       0 Flashes
D51:  0.0120 ROUND  --     926 Draws,       0 Flashes
D52:  0.0250 ROUND  --      34 Draws,       0 Flashes
D53:  0.0200 ROUND  --    7155 Draws,       0 Flashes
D54:  0.0300 ROUND  --       0 Draws,       5 Flashes
D55:  0.0100 ROUND  --     714 Draws,       0 Flashes
D56:  0.0150 ROUND  --     348 Draws,       0 Flashes
D57:  0.0300 ROUND  --       0 Draws,     339 Flashes
D58:  0.0160 ROUND  --     256 Draws,       0 Flashes
D59:  0.0300 ROUND  --     578 Draws,       0 Flashes
D60:  0.0130 ROUND  --      38 Draws,       0 Flashes
D61:  0.0197 ROUND  --       9 Draws,       0 Flashes
D62:  0.0400 ROUND  --      17 Draws,       0 Flashes
---------------------------------------------------------
 53 D-Codes      -----  116375 Draws,    1093 Flashes

*********************************************************

Output file: Z:\DESIGNS\CM5\TOP\REV7\MAIN\CM5MOD_REV7.GBL

Aperture totals for Z:\DESIGNS\CM5\TOP\REV7\MAIN\CM5MOD_REV7.GBL:
---------------------------------------------------------
D50:  0.0010 ROUND  --   58727 Draws,       0 Flashes
D51:  0.0120 ROUND  --     450 Draws,       0 Flashes
D52:  0.0250 ROUND  --       3 Draws,       0 Flashes
D53:  0.0200 ROUND  --    3837 Draws,       0 Flashes
D54:  0.0300 ROUND  --       0 Draws,       5 Flashes
D55:  0.0100 ROUND  --     855 Draws,       0 Flashes
D56:  0.0150 ROUND  --     112 Draws,       0 Flashes
D57:  0.0300 ROUND  --       0 Draws,     337 Flashes
D58:  0.0160 ROUND  --     281 Draws,       0 Flashes
D59:  0.0300 ROUND  --     178 Draws,       0 Flashes
D60:  0.0130 ROUND  --     152 Draws,       0 Flashes
D61:  0.0197 ROUND  --       7 Draws,       0 Flashes
D62:  0.0400 ROUND  --       5 Draws,       0 Flashes
D63:  0.0580 ROUND  --       0 Draws,      67 Flashes
D64:  0.0580 SQUARE --       0 Draws,      11 Flashes
D65:  0.0670 ROUND  --       0 Draws,       1 Flashes
D66:  0.0670 SQUARE --       0 Draws,       1 Flashes
D67:  0.0520 ROUND  --       0 Draws,       1 Flashes
D68:  0.0520 SQUARE --       0 Draws,       1 Flashes
D69:  0.0640 ROUND  --       0 Draws,       7 Flashes
D70:  0.0640 SQUARE --       0 Draws,       3 Flashes
D71:  0.0550 ROUND  --       0 Draws,      17 Flashes
D72:  0.0550 SQUARE --       0 Draws,       7 Flashes
D73:  0.0472 ROUND  --       0 Draws,      45 Flashes
D74:  0.0472 SQUARE --       0 Draws,       5 Flashes
D75:  0.2200 ROUND  --       0 Draws,       6 Flashes
D76:  0.0750 ROUND  --       0 Draws,      16 Flashes
D77:  0.1811 SQUARE --       0 Draws,       2 Flashes
D78:  0.0450 ROUND  --       0 Draws,       1 Flashes
D79:  0.0610 ROUND  --       0 Draws,       1 Flashes
D80:  0.0197 x 0.1220 RECTANGLE -----     144 Flashes
D81:  0.0700 x 0.0300 RECTANGLE -----      16 Flashes
D82:  0.0300 ROUND  --       0 Draws,       2 Flashes
D83:  0.0140 ROUND  --       5 Draws,       0 Flashes
---------------------------------------------------------
 34 D-Codes      -----   64612 Draws,     696 Flashes

*********************************************************

Output file: Z:\DESIGNS\CM5\TOP\REV7\MAIN\CM5MOD_REV7.GTS

Aperture totals for Z:\DESIGNS\CM5\TOP\REV7\MAIN\CM5MOD_REV7.GTS:
---------------------------------------------------------
D50:  0.0010 ROUND  --    3238 Draws,       0 Flashes
D55:  0.0100 ROUND  --      69 Draws,       0 Flashes
D63:  0.0580 ROUND  --       0 Draws,      59 Flashes
D64:  0.0580 SQUARE --       0 Draws,       7 Flashes
D67:  0.0520 ROUND  --       0 Draws,       1 Flashes
D68:  0.0520 SQUARE --       0 Draws,       1 Flashes
D69:  0.0640 ROUND  --       0 Draws,       7 Flashes
D70:  0.0640 SQUARE --       0 Draws,       3 Flashes
D71:  0.0550 ROUND  --       0 Draws,      17 Flashes
D72:  0.0550 SQUARE --       0 Draws,       7 Flashes
D73:  0.0472 ROUND  --       0 Draws,      45 Flashes
D74:  0.0472 SQUARE --       0 Draws,       5 Flashes
D78:  0.0450 ROUND  --       0 Draws,       1 Flashes
D79:  0.0610 ROUND  --       0 Draws,       1 Flashes
D84:  0.0500 SQUARE --       0 Draws,     100 Flashes
D85:  0.0630 ROUND  --       0 Draws,      12 Flashes
D86:  0.0600 SQUARE --       0 Draws,       6 Flashes
D87:  0.0720 ROUND  --       0 Draws,       2 Flashes
D88:  0.0401 x 0.0197 RECTANGLE -----      42 Flashes
D89:  0.1140 x 0.0560 RECTANGLE -----      22 Flashes
D90:  0.0560 x 0.0920 RECTANGLE -----       6 Flashes
D91:  0.0560 x 0.1140 RECTANGLE -----       6 Flashes
D92:  0.0920 x 0.0560 RECTANGLE -----       6 Flashes
D93:  0.0380 x 0.0320 RECTANGLE -----      32 Flashes
D94:  0.2300 ROUND  --       0 Draws,       6 Flashes
D95:  0.0340 x 0.0500 RECTANGLE -----       5 Flashes
D96:  0.0340 x 0.0400 RECTANGLE -----      10 Flashes
D97:  0.0200 x 0.0350 RECTANGLE -----      64 Flashes
D98:  0.0137 x 0.0350 RECTANGLE -----      64 Flashes
D99:  0.0760 x 0.1740 RECTANGLE -----      12 Flashes
D100: 0.1000 x 0.0640 RECTANGLE -----      18 Flashes
D101: 0.0640 x 0.1000 RECTANGLE -----       2 Flashes
D102: 0.0790 ROUND  --       0 Draws,      16 Flashes
D103: 0.0500 x 0.0300 RECTANGLE -----      30 Flashes
D104: 0.0300 x 0.0500 RECTANGLE -----      32 Flashes
D105: 0.1063 x 0.1181 RECTANGLE -----       2 Flashes
D106: 0.0118 x 0.1181 RECTANGLE -----      16 Flashes
D107: 0.0860 x 0.0240 OBLONG    -----      38 Flashes
D108: 0.0860 x 0.0240 RECTANGLE -----       2 Flashes
D109: 0.0240 x 0.0860 OBLONG    -----      36 Flashes
D110: 0.0240 x 0.0860 RECTANGLE -----       2 Flashes
D111: 0.1420 x 0.0880 RECTANGLE -----       1 Flashes
D112: 0.0480 x 0.0880 RECTANGLE -----       3 Flashes
D113: 0.0350 ROUND  --       0 Draws,     117 Flashes
D114: 0.0350 ROUND  --       0 Draws,     227 Flashes
---------------------------------------------------------
 45 D-Codes      -----    3307 Draws,    1091 Flashes

*********************************************************

Output file: Z:\DESIGNS\CM5\TOP\REV7\MAIN\CM5MOD_REV7.GBS

Aperture totals for Z:\DESIGNS\CM5\TOP\REV7\MAIN\CM5MOD_REV7.GBS:
---------------------------------------------------------
D50:  0.0010 ROUND  --    1672 Draws,       0 Flashes
D55:  0.0100 ROUND  --      69 Draws,       0 Flashes
D63:  0.0580 ROUND  --       0 Draws,      59 Flashes
D64:  0.0580 SQUARE --       0 Draws,       7 Flashes
D67:  0.0520 ROUND  --       0 Draws,       1 Flashes
D68:  0.0520 SQUARE --       0 Draws,       1 Flashes
D69:  0.0640 ROUND  --       0 Draws,       7 Flashes
D70:  0.0640 SQUARE --       0 Draws,       3 Flashes
D71:  0.0550 ROUND  --       0 Draws,      17 Flashes
D72:  0.0550 SQUARE --       0 Draws,       7 Flashes
D73:  0.0472 ROUND  --       0 Draws,      45 Flashes
D74:  0.0472 SQUARE --       0 Draws,       5 Flashes
D77:  0.1811 SQUARE --       0 Draws,       2 Flashes
D78:  0.0450 ROUND  --       0 Draws,       1 Flashes
D79:  0.0610 ROUND  --       0 Draws,       1 Flashes
D80:  0.0197 x 0.1220 RECTANGLE -----     144 Flashes
D81:  0.0700 x 0.0300 RECTANGLE -----      16 Flashes
D85:  0.0630 ROUND  --       0 Draws,      12 Flashes
D87:  0.0720 ROUND  --       0 Draws,       2 Flashes
D94:  0.2300 ROUND  --       0 Draws,       6 Flashes
D102: 0.0790 ROUND  --       0 Draws,      16 Flashes
D113: 0.0350 ROUND  --       0 Draws,     117 Flashes
D114: 0.0350 ROUND  --       0 Draws,     227 Flashes
---------------------------------------------------------
 23 D-Codes      -----    1741 Draws,     696 Flashes

*********************************************************

Output file: Z:\DESIGNS\CM5\TOP\REV7\MAIN\CM5MOD_REV7.SST

Aperture totals for Z:\DESIGNS\CM5\TOP\REV7\MAIN\CM5MOD_REV7.SST:
---------------------------------------------------------
D50:  0.0010 ROUND  --    4608 Draws,       0 Flashes
D55:  0.0100 ROUND  --     168 Draws,       0 Flashes
D115: 0.0060 ROUND  --    3175 Draws,       0 Flashes
D116: 0.0070 ROUND  --     103 Draws,       0 Flashes
D117: 0.0080 ROUND  --     517 Draws,       0 Flashes
D118: 0.0030 ROUND  --      49 Draws,       0 Flashes
D119: 0.0050 ROUND  --     240 Draws,       0 Flashes
---------------------------------------------------------
  7 D-Codes      -----    8860 Draws,       0 Flashes

*********************************************************

Output file: Z:\DESIGNS\CM5\TOP\REV7\MAIN\CM5MOD_REV7.SSB

Aperture totals for Z:\DESIGNS\CM5\TOP\REV7\MAIN\CM5MOD_REV7.SSB:
---------------------------------------------------------
D50:  0.0010 ROUND  --    5451 Draws,       0 Flashes
D51:  0.0120 ROUND  --     180 Draws,       0 Flashes
D52:  0.0250 ROUND  --       1 Draws,       0 Flashes
D55:  0.0100 ROUND  --     158 Draws,       0 Flashes
D56:  0.0150 ROUND  --      45 Draws,       0 Flashes
D115: 0.0060 ROUND  --      20 Draws,       0 Flashes
D116: 0.0070 ROUND  --     117 Draws,       0 Flashes
D117: 0.0080 ROUND  --     700 Draws,       0 Flashes
D119: 0.0050 ROUND  --       4 Draws,       0 Flashes
---------------------------------------------------------
  9 D-Codes      -----    6676 Draws,       0 Flashes

*********************************************************

Output file: Z:\DESIGNS\CM5\TOP\REV7\MAIN\CM5MOD_REV7.GDD

Aperture totals for Z:\DESIGNS\CM5\TOP\REV7\MAIN\CM5MOD_REV7.GDD:
---------------------------------------------------------
D50:  0.0010 ROUND  --    4356 Draws,       0 Flashes
D55:  0.0100 ROUND  --      69 Draws,       0 Flashes
D117: 0.0080 ROUND  --    4263 Draws,       0 Flashes
---------------------------------------------------------
  3 D-Codes      -----    8688 Draws,       0 Flashes


*********************************************************

Aperture totals for entire project:
---------------------------------------------------------
D10:  0.0500 SQUARE --       0 Draws,     102 Flashes
D11:  0.0580 ROUND  --       0 Draws,      69 Flashes
D12:  0.0600 SQUARE --       0 Draws,       6 Flashes
D13:  0.0580 SQUARE --       0 Draws,       9 Flashes
D14:  0.0670 ROUND  --       0 Draws,       2 Flashes
D15:  0.0520 ROUND  --       0 Draws,       1 Flashes
D16:  0.0520 SQUARE --       0 Draws,       1 Flashes
D17:  0.0640 ROUND  --       0 Draws,       7 Flashes
D18:  0.0640 SQUARE --       0 Draws,       3 Flashes
D19:  0.0401 x 0.0197 RECTANGLE -----      42 Flashes
D20:  0.1140 x 0.0560 RECTANGLE -----      22 Flashes
D21:  0.0560 x 0.0920 RECTANGLE -----       6 Flashes
D22:  0.0560 x 0.1140 RECTANGLE -----       6 Flashes
D23:  0.0920 x 0.0560 RECTANGLE -----       6 Flashes
D24:  0.0380 x 0.0320 RECTANGLE -----      32 Flashes
D25:  0.0550 ROUND  --       0 Draws,      17 Flashes
D26:  0.0550 SQUARE --       0 Draws,       7 Flashes
D27:  0.0472 ROUND  --       0 Draws,      45 Flashes
D28:  0.0472 SQUARE --       0 Draws,       5 Flashes
D29:  0.2200 ROUND  --       0 Draws,       6 Flashes
D30:  0.0340 x 0.0500 RECTANGLE -----       5 Flashes
D31:  0.0340 x 0.0400 RECTANGLE -----      10 Flashes
D32:  0.0200 x 0.0350 RECTANGLE -----      64 Flashes
D33:  0.0137 x 0.0350 RECTANGLE -----      64 Flashes
D34:  0.0760 x 0.1740 RECTANGLE -----      12 Flashes
D35:  0.1000 x 0.0640 RECTANGLE -----      18 Flashes
D36:  0.0640 x 0.1000 RECTANGLE -----       2 Flashes
D37:  0.0750 ROUND  --       0 Draws,      16 Flashes
D38:  0.0500 x 0.0300 RECTANGLE -----      30 Flashes
D39:  0.0300 x 0.0500 RECTANGLE -----      32 Flashes
D40:  0.1063 x 0.1181 RECTANGLE -----       2 Flashes
D41:  0.0118 x 0.1181 RECTANGLE -----      16 Flashes
D42:  0.0860 x 0.0240 OBLONG    -----      38 Flashes
D43:  0.0860 x 0.0240 RECTANGLE -----       2 Flashes
D44:  0.0240 x 0.0860 OBLONG    -----      36 Flashes
D45:  0.0240 x 0.0860 RECTANGLE -----       2 Flashes
D46:  0.1420 x 0.0880 RECTANGLE -----       1 Flashes
D47:  0.0480 x 0.0880 RECTANGLE -----       3 Flashes
D48:  0.0450 ROUND  --       0 Draws,       1 Flashes
D49:  0.0610 ROUND  --       0 Draws,       1 Flashes
D50:  0.0010 ROUND  --  184352 Draws,       0 Flashes
D51:  0.0120 ROUND  --    1556 Draws,       0 Flashes
D52:  0.0250 ROUND  --      38 Draws,       0 Flashes
D53:  0.0200 ROUND  --   10992 Draws,       0 Flashes
D54:  0.0300 ROUND  --       0 Draws,      10 Flashes
D55:  0.0100 ROUND  --    2102 Draws,       0 Flashes
D56:  0.0150 ROUND  --     505 Draws,       0 Flashes
D57:  0.0300 ROUND  --       0 Draws,     676 Flashes
D58:  0.0160 ROUND  --     537 Draws,       0 Flashes
D59:  0.0300 ROUND  --     756 Draws,       0 Flashes
D60:  0.0130 ROUND  --     190 Draws,       0 Flashes
D61:  0.0197 ROUND  --      16 Draws,       0 Flashes
D62:  0.0400 ROUND  --      22 Draws,       0 Flashes
D63:  0.0580 ROUND  --       0 Draws,     185 Flashes
D64:  0.0580 SQUARE --       0 Draws,      25 Flashes
D65:  0.0670 ROUND  --       0 Draws,       1 Flashes
D66:  0.0670 SQUARE --       0 Draws,       1 Flashes
D67:  0.0520 ROUND  --       0 Draws,       3 Flashes
D68:  0.0520 SQUARE --       0 Draws,       3 Flashes
D69:  0.0640 ROUND  --       0 Draws,      21 Flashes
D70:  0.0640 SQUARE --       0 Draws,       9 Flashes
D71:  0.0550 ROUND  --       0 Draws,      51 Flashes
D72:  0.0550 SQUARE --       0 Draws,      21 Flashes
D73:  0.0472 ROUND  --       0 Draws,     135 Flashes
D74:  0.0472 SQUARE --       0 Draws,      15 Flashes
D75:  0.2200 ROUND  --       0 Draws,       6 Flashes
D76:  0.0750 ROUND  --       0 Draws,      16 Flashes
D77:  0.1811 SQUARE --       0 Draws,       4 Flashes
D78:  0.0450 ROUND  --       0 Draws,       3 Flashes
D79:  0.0610 ROUND  --       0 Draws,       3 Flashes
D80:  0.0197 x 0.1220 RECTANGLE -----     288 Flashes
D81:  0.0700 x 0.0300 RECTANGLE -----      32 Flashes
D82:  0.0300 ROUND  --       0 Draws,       2 Flashes
D83:  0.0140 ROUND  --       5 Draws,       0 Flashes
D84:  0.0500 SQUARE --       0 Draws,     100 Flashes
D85:  0.0630 ROUND  --       0 Draws,      24 Flashes
D86:  0.0600 SQUARE --       0 Draws,       6 Flashes
D87:  0.0720 ROUND  --       0 Draws,       4 Flashes
D88:  0.0401 x 0.0197 RECTANGLE -----      42 Flashes
D89:  0.1140 x 0.0560 RECTANGLE -----      22 Flashes
D90:  0.0560 x 0.0920 RECTANGLE -----       6 Flashes
D91:  0.0560 x 0.1140 RECTANGLE -----       6 Flashes
D92:  0.0920 x 0.0560 RECTANGLE -----       6 Flashes
D93:  0.0380 x 0.0320 RECTANGLE -----      32 Flashes
D94:  0.2300 ROUND  --       0 Draws,      12 Flashes
D95:  0.0340 x 0.0500 RECTANGLE -----       5 Flashes
D96:  0.0340 x 0.0400 RECTANGLE -----      10 Flashes
D97:  0.0200 x 0.0350 RECTANGLE -----      64 Flashes
D98:  0.0137 x 0.0350 RECTANGLE -----      64 Flashes
D99:  0.0760 x 0.1740 RECTANGLE -----      12 Flashes
D100: 0.1000 x 0.0640 RECTANGLE -----      18 Flashes
D101: 0.0640 x 0.1000 RECTANGLE -----       2 Flashes
D102: 0.0790 ROUND  --       0 Draws,      32 Flashes
D103: 0.0500 x 0.0300 RECTANGLE -----      30 Flashes
D104: 0.0300 x 0.0500 RECTANGLE -----      32 Flashes
D105: 0.1063 x 0.1181 RECTANGLE -----       2 Flashes
D106: 0.0118 x 0.1181 RECTANGLE -----      16 Flashes
D107: 0.0860 x 0.0240 OBLONG    -----      38 Flashes
D108: 0.0860 x 0.0240 RECTANGLE -----       2 Flashes
D109: 0.0240 x 0.0860 OBLONG    -----      36 Flashes
D110: 0.0240 x 0.0860 RECTANGLE -----       2 Flashes
D111: 0.1420 x 0.0880 RECTANGLE -----       1 Flashes
D112: 0.0480 x 0.0880 RECTANGLE -----       3 Flashes
D113: 0.0350 ROUND  --       0 Draws,     234 Flashes
D114: 0.0350 ROUND  --       0 Draws,     454 Flashes
D115: 0.0060 ROUND  --    3195 Draws,       0 Flashes
D116: 0.0070 ROUND  --     220 Draws,       0 Flashes
D117: 0.0080 ROUND  --    5480 Draws,       0 Flashes
D118: 0.0030 ROUND  --      49 Draws,       0 Flashes
D119: 0.0050 ROUND  --     244 Draws,       0 Flashes
---------------------------------------------------------
110 D-Codes      -----  210259 Draws,    3576 Flashes


No warnings or errors.
