Tue Feb 19 14:33:18 Saved as file BACKUP1.MAX
Thu Feb 21 12:55:42 Saved as file BACKUP1.MAX
Thu Feb 21 13:03:12 Saved as file BACKUP1.MAX
Thu Feb 21 13:10:42 Saved as file BACKUP1.MAX
Thu Feb 21 13:18:12 Saved as file BACKUP1.MAX
Thu Feb 21 13:25:42 Saved as file BACKUP1.MAX
Thu Feb 21 13:33:12 Saved as file BACKUP1.MAX
Thu Feb 21 13:40:42 Saved as file BACKUP1.MAX
Thu Feb 21 13:48:12 Saved as file BACKUP1.MAX
Thu Feb 21 13:53:10 Saved as file BACKUP1.MAX
Thu Feb 21 13:55:42 Saved as file BACKUP1.MAX
Thu Feb 21 14:00:40 Saved as file BACKUP1.MAX
Thu Feb 21 14:03:12 Saved as file BACKUP1.MAX
Thu Feb 21 14:10:42 Saved as file BACKUP1.MAX
Thu Feb 21 14:18:12 Saved as file BACKUP1.MAX
Thu Feb 21 14:25:42 Saved as file BACKUP1.MAX
Thu Feb 21 14:33:12 Saved as file BACKUP1.MAX
Thu Feb 21 14:40:42 Saved as file BACKUP1.MAX
Thu Feb 21 14:48:12 Saved as file BACKUP1.MAX
Thu Feb 21 14:55:42 Saved as file BACKUP1.MAX
Thu Feb 21 15:03:12 Saved as file BACKUP1.MAX
Thu Feb 21 15:10:42 Saved as file BACKUP1.MAX
Thu Feb 21 15:18:12 Saved as file BACKUP1.MAX
Thu Feb 21 15:25:42 Saved as file BACKUP1.MAX
Thu Feb 21 15:33:12 Saved as file BACKUP1.MAX
Thu Feb 21 15:40:42 Saved as file BACKUP1.MAX
Thu Feb 21 15:48:12 Saved as file BACKUP1.MAX
Thu Feb 21 15:55:42 Saved as file BACKUP1.MAX
Thu Feb 21 16:03:12 Saved as file BACKUP1.MAX
Thu Feb 21 16:10:42 Saved as file BACKUP1.MAX
Thu Feb 21 16:18:12 Saved as file BACKUP1.MAX
Thu Feb 21 16:25:42 Saved as file BACKUP1.MAX
Thu Feb 21 16:33:12 Saved as file BACKUP1.MAX
Thu Feb 21 16:40:42 Saved as file BACKUP1.MAX
Thu Feb 21 16:48:12 Saved as file BACKUP1.MAX
Thu Feb 21 16:55:42 Saved as file BACKUP1.MAX
Thu Feb 21 17:03:12 Saved as file BACKUP1.MAX
Thu Feb 21 17:10:42 Saved as file BACKUP1.MAX
Thu Feb 21 17:18:12 Saved as file BACKUP1.MAX
Thu Feb 21 17:25:42 Saved as file BACKUP1.MAX
Fri Feb 22 10:24:52 Saved as file BACKUP1.MAX
Fri Feb 22 10:32:22 Saved as file BACKUP1.MAX
Fri Feb 22 10:39:52 Saved as file BACKUP1.MAX
Fri Feb 22 10:47:22 Saved as file BACKUP1.MAX
Fri Feb 22 10:54:52 Saved as file BACKUP1.MAX
Fri Feb 22 11:02:22 Saved as file BACKUP1.MAX
Fri Feb 22 11:09:52 Saved as file BACKUP1.MAX
Fri Feb 22 11:16:52 Saved as file BACKUP1.MAX
Fri Feb 22 11:24:22 Saved as file BACKUP1.MAX
Fri Feb 22 11:31:52 Saved as file BACKUP1.MAX
Fri Feb 22 11:39:22 Saved as file BACKUP1.MAX
Fri Feb 22 11:46:52 Saved as file BACKUP1.MAX
Fri Feb 22 11:54:22 Saved as file BACKUP1.MAX
Fri Feb 22 12:01:52 Saved as file BACKUP1.MAX
Fri Feb 22 12:09:22 Saved as file BACKUP1.MAX
Fri Feb 22 12:16:52 Saved as file BACKUP1.MAX
Fri Feb 22 12:24:22 Saved as file BACKUP1.MAX
Fri Feb 22 12:31:52 Saved as file BACKUP1.MAX
Fri Feb 22 12:39:22 Saved as file BACKUP1.MAX
Fri Feb 22 12:46:52 Saved as file BACKUP1.MAX
Fri Feb 22 12:54:22 Saved as file BACKUP1.MAX
Fri Feb 22 13:01:52 Saved as file BACKUP1.MAX
Fri Feb 22 13:09:22 Saved as file BACKUP1.MAX
Fri Feb 22 13:16:52 Saved as file BACKUP1.MAX
Fri Feb 22 13:24:22 Saved as file BACKUP1.MAX
Fri Feb 22 13:31:52 Saved as file BACKUP1.MAX
Fri Feb 22 13:39:22 Saved as file BACKUP1.MAX
Fri Feb 22 13:46:52 Saved as file BACKUP1.MAX
Fri Feb 22 13:54:22 Saved as file BACKUP1.MAX
Fri Feb 22 14:01:52 Saved as file BACKUP1.MAX
Fri Feb 22 14:09:22 Saved as file BACKUP1.MAX
Fri Feb 22 14:16:52 Saved as file BACKUP1.MAX
Fri Feb 22 14:24:22 Saved as file BACKUP1.MAX
Fri Feb 22 14:31:52 Saved as file BACKUP1.MAX
Fri Feb 22 14:39:22 Saved as file BACKUP1.MAX
Fri Feb 22 14:46:52 Saved as file BACKUP1.MAX
Fri Feb 22 14:54:22 Saved as file BACKUP1.MAX
Fri Feb 22 15:01:52 Saved as file BACKUP1.MAX
Fri Feb 22 15:09:22 Saved as file BACKUP1.MAX
Fri Feb 22 15:16:52 Saved as file BACKUP1.MAX
Fri Feb 22 15:24:22 Saved as file BACKUP1.MAX
Fri Feb 22 15:31:52 Saved as file BACKUP1.MAX
Fri Feb 22 15:39:22 Saved as file BACKUP1.MAX
Fri Feb 22 15:46:52 Saved as file BACKUP1.MAX
Fri Feb 22 15:54:22 Saved as file BACKUP1.MAX
Fri Feb 22 16:01:52 Saved as file BACKUP1.MAX
Fri Feb 22 16:09:22 Saved as file BACKUP1.MAX
Fri Feb 22 16:16:52 Saved as file BACKUP1.MAX
Fri Feb 22 16:24:22 Saved as file BACKUP1.MAX
Fri Feb 22 16:31:52 Saved as file BACKUP1.MAX
Fri Feb 22 16:39:22 Saved as file BACKUP1.MAX
Fri Feb 22 16:46:52 Saved as file BACKUP1.MAX
Fri Feb 22 16:54:22 Saved as file BACKUP1.MAX
Fri Feb 22 17:01:52 Saved as file BACKUP1.MAX
Fri Feb 22 17:09:22 Saved as file BACKUP1.MAX
Fri Feb 22 17:16:52 Saved as file BACKUP1.MAX
Fri Feb 22 17:24:22 Saved as file BACKUP1.MAX
Fri Feb 22 17:31:52 Saved as file BACKUP1.MAX
Fri Feb 22 17:39:22 Saved as file BACKUP1.MAX
Mon Feb 25 10:20:35 Saved as file BACKUP1.MAX
Mon Feb 25 10:28:05 Saved as file BACKUP1.MAX
Mon Feb 25 10:35:35 Saved as file BACKUP1.MAX
Mon Feb 25 10:43:05 Saved as file BACKUP1.MAX
Mon Feb 25 10:50:35 Saved as file BACKUP1.MAX
Mon Feb 25 10:58:05 Saved as file BACKUP1.MAX
Mon Feb 25 11:05:35 Saved as file BACKUP1.MAX
Mon Feb 25 11:13:05 Saved as file BACKUP1.MAX
Mon Feb 25 11:20:35 Saved as file BACKUP1.MAX
Mon Feb 25 11:28:05 Saved as file BACKUP1.MAX
Mon Feb 25 14:06:36 Saved as file BACKUP1.MAX
Mon Feb 25 14:14:05 Saved as file BACKUP1.MAX
Mon Feb 25 14:21:36 Saved as file BACKUP1.MAX
Mon Feb 25 14:29:06 Saved as file BACKUP1.MAX
Mon Feb 25 14:36:35 Saved as file BACKUP1.MAX
Mon Feb 25 14:44:05 Saved as file BACKUP1.MAX
Mon Feb 25 14:51:35 Saved as file BACKUP1.MAX
Mon Feb 25 14:59:05 Saved as file BACKUP1.MAX
Mon Feb 25 15:06:05 Saved as file BACKUP1.MAX
Mon Feb 25 15:13:35 Saved as file BACKUP1.MAX
Mon Feb 25 15:21:05 Saved as file BACKUP1.MAX
Mon Feb 25 15:28:36 Saved as file BACKUP1.MAX
Mon Feb 25 15:36:05 Saved as file BACKUP1.MAX
Mon Mar 04 09:33:01 Saved as file BACKUP1.MAX
Mon Mar 04 09:40:34 Saved as file BACKUP1.MAX
Mon Mar 04 09:48:01 Saved as file BACKUP1.MAX
Mon Mar 04 09:55:31 Saved as file BACKUP1.MAX
Mon Mar 04 10:03:01 Saved as file BACKUP1.MAX
Mon Mar 04 10:10:31 Saved as file BACKUP1.MAX
Mon Mar 04 10:17:31 Saved as file BACKUP1.MAX
Mon Mar 04 10:25:01 Saved as file BACKUP1.MAX
Mon Mar 04 10:32:31 Saved as file BACKUP1.MAX
Mon Mar 04 10:40:01 Saved as file BACKUP1.MAX
Mon Mar 04 10:47:31 Saved as file BACKUP1.MAX
Mon Mar 04 10:55:01 Saved as file BACKUP1.MAX
Mon Mar 04 11:02:31 Saved as file BACKUP1.MAX
Mon Mar 04 11:10:01 Saved as file BACKUP1.MAX
Mon Mar 04 11:17:31 Saved as file BACKUP1.MAX
Mon Mar 04 11:25:01 Saved as file BACKUP1.MAX
Mon Mar 04 11:32:31 Saved as file BACKUP1.MAX
Mon Mar 04 11:40:01 Saved as file BACKUP1.MAX
Thu Mar 07 09:24:34 Saved as file BACKUP1.MAX
Thu Mar 07 09:31:34 Saved as file BACKUP1.MAX
Thu Mar 07 09:39:04 Saved as file BACKUP1.MAX
Thu Mar 07 09:46:34 Saved as file BACKUP1.MAX
Thu Mar 07 09:54:04 Saved as file BACKUP1.MAX
Thu Mar 07 10:01:34 Saved as file BACKUP1.MAX
Thu Mar 07 10:09:04 Saved as file BACKUP1.MAX
Thu Mar 07 10:16:34 Saved as file BACKUP1.MAX
Thu Mar 07 10:24:04 Saved as file BACKUP1.MAX
Tue Apr 02 14:54:57 Saved as file BACKUP1.MAX
Tue Apr 02 15:02:27 Saved as file BACKUP1.MAX
Tue Apr 02 15:09:27 Saved as file BACKUP1.MAX
Tue Apr 02 15:16:57 Saved as file BACKUP1.MAX
Tue Apr 02 15:24:27 Saved as file BACKUP1.MAX
Tue Apr 02 15:31:57 Saved as file BACKUP1.MAX
Tue Apr 02 15:39:27 Saved as file BACKUP1.MAX
Tue Apr 02 15:46:57 Saved as file BACKUP1.MAX
Tue Apr 02 15:54:27 Saved as file BACKUP1.MAX
Wed Apr 03 11:21:05 Saved as file BACKUP1.MAX
Wed Apr 03 11:28:05 Saved as file BACKUP1.MAX
Wed Apr 03 11:35:05 Saved as file BACKUP1.MAX
Wed Apr 03 11:42:35 Saved as file BACKUP1.MAX
Wed Apr 03 11:50:05 Saved as file BACKUP1.MAX
Wed Apr 03 11:57:35 Saved as file BACKUP1.MAX
Wed Apr 03 12:05:05 Saved as file BACKUP1.MAX
Wed Apr 03 12:12:35 Saved as file BACKUP1.MAX
Wed Apr 03 12:20:05 Saved as file BACKUP1.MAX
Wed Apr 03 12:27:35 Saved as file BACKUP1.MAX
Wed Apr 03 12:35:05 Saved as file BACKUP1.MAX
Wed Apr 03 12:42:35 Saved as file BACKUP1.MAX
Wed Apr 03 12:50:05 Saved as file BACKUP1.MAX
Wed Apr 03 12:57:35 Saved as file BACKUP1.MAX
Wed Apr 03 13:05:05 Saved as file BACKUP1.MAX
Wed Apr 03 13:12:35 Saved as file BACKUP1.MAX
Wed Apr 03 13:20:05 Saved as file BACKUP1.MAX
Wed Apr 03 13:27:35 Saved as file BACKUP1.MAX
Wed Apr 03 13:35:05 Saved as file BACKUP1.MAX
Wed Apr 03 13:42:35 Saved as file BACKUP1.MAX
Wed Apr 03 13:50:05 Saved as file BACKUP1.MAX
Wed Apr 03 13:57:35 Saved as file BACKUP1.MAX
Wed Apr 03 14:05:05 Saved as file BACKUP1.MAX
Wed Apr 03 14:12:35 Saved as file BACKUP1.MAX
Wed Apr 03 14:20:05 Saved as file BACKUP1.MAX
Wed Apr 03 14:27:35 Saved as file BACKUP1.MAX
Wed Apr 03 14:35:05 Saved as file BACKUP1.MAX
Wed Apr 03 14:42:35 Saved as file BACKUP1.MAX
Wed Apr 03 14:50:05 Saved as file BACKUP1.MAX
Wed Apr 03 14:57:35 Saved as file BACKUP1.MAX
Wed Apr 03 15:05:05 Saved as file BACKUP1.MAX
Wed Apr 03 15:12:35 Saved as file BACKUP1.MAX
Wed Apr 03 15:20:05 Saved as file BACKUP1.MAX
Wed Apr 03 15:27:35 Saved as file BACKUP1.MAX
Mon Apr 08 14:39:35 Saved as file BACKUP1.MAX
Mon Apr 08 14:46:34 Saved as file BACKUP1.MAX
Mon Apr 08 14:54:04 Saved as file BACKUP1.MAX
Mon Apr 08 15:01:04 Saved as file BACKUP1.MAX
Tue Apr 16 13:41:30 Saved as file BACKUP1.MAX
Tue Apr 16 13:49:00 Saved as file BACKUP1.MAX
Tue Apr 16 13:56:30 Saved as file BACKUP1.MAX
Tue Apr 16 14:04:00 Saved as file BACKUP1.MAX
Tue Apr 16 14:11:30 Saved as file BACKUP1.MAX
Tue Apr 16 14:19:00 Saved as file BACKUP1.MAX
Tue Apr 16 14:26:30 Saved as file BACKUP1.MAX
Tue Apr 16 14:34:00 Saved as file BACKUP1.MAX
Tue Apr 16 14:41:30 Saved as file BACKUP1.MAX
Tue Apr 16 14:49:00 Saved as file BACKUP1.MAX
Tue Apr 16 14:56:30 Saved as file BACKUP1.MAX
Tue Apr 16 15:04:00 Saved as file BACKUP1.MAX
Tue Apr 16 15:11:30 Saved as file BACKUP1.MAX
Tue Apr 16 15:19:00 Saved as file BACKUP1.MAX
Tue Apr 16 15:26:30 Saved as file BACKUP1.MAX
Mon May 06 08:57:03 Saved as file BACKUP1.MAX
Mon May 06 08:57:03 Saved as file Z:\DESIGNS\CM5\TOP\REV7\MAIN\CM5MOD_REV7.MAX
Mon May 06 08:57:11 UserDiv from Layout.INI for AutoECO: 60
Mon May 06 08:57:11 Loaded file Z:\DESIGNS\CM5\TOP\REV7\MAIN\CM5MOD_REV7.MAX
Mon May 06 08:57:12 Loaded file Z:\DESIGNS\CM5\TOP\REV5\MAIN\CM5MOD_REV5.LLB
Mon May 06 08:57:12 Loaded file Z:\DESIGNS\LIB\TEMCO4.LLB
Mon May 06 08:57:12 Loaded file C:\ORCAD\ORCAD_10.5\TOOLS\LAYOUT\library\BCON100T.llb
Mon May 06 08:57:12 Loaded file C:\ORCAD\ORCAD_10.5\TOOLS\LAYOUT\library\BCON156T.llb
Mon May 06 08:57:12 Loaded file C:\ORCAD\ORCAD_10.5\TOOLS\LAYOUT\library\BGA.llb
Mon May 06 08:57:12 Loaded file C:\ORCAD\ORCAD_10.5\TOOLS\LAYOUT\library\CLCC.llb
Mon May 06 08:57:12 Loaded file C:\ORCAD\ORCAD_10.5\TOOLS\LAYOUT\library\DCON050T.llb
Mon May 06 08:57:12 Loaded file C:\ORCAD\ORCAD_10.5\TOOLS\LAYOUT\library\DCON085T.llb
Mon May 06 08:57:12 Loaded file C:\ORCAD\ORCAD_10.5\TOOLS\LAYOUT\library\DIMM050F.llb
Mon May 06 08:57:12 Loaded file C:\ORCAD\ORCAD_10.5\TOOLS\LAYOUT\library\DIMM050T.llb
Mon May 06 08:57:12 Loaded file C:\ORCAD\ORCAD_10.5\TOOLS\LAYOUT\library\DIN.llb
Mon May 06 08:57:12 Loaded file C:\ORCAD\ORCAD_10.5\TOOLS\LAYOUT\library\DIP100B.llb
Mon May 06 08:57:12 Loaded file C:\ORCAD\ORCAD_10.5\TOOLS\LAYOUT\library\DIP100T.llb
Mon May 06 08:57:12 Loaded file C:\ORCAD\ORCAD_10.5\TOOLS\LAYOUT\library\DSUBT.llb
Mon May 06 08:57:12 Loaded file C:\ORCAD\ORCAD_10.5\TOOLS\LAYOUT\library\DSUBT_HD.LLB
Mon May 06 08:57:12 Loaded file C:\ORCAD\ORCAD_10.5\TOOLS\LAYOUT\library\ECON100T.llb
Mon May 06 08:57:12 Loaded file C:\ORCAD\ORCAD_10.5\TOOLS\LAYOUT\library\FBUS.llb
Mon May 06 08:57:12 Loaded file C:\ORCAD\ORCAD_10.5\TOOLS\LAYOUT\library\ISA.llb
Mon May 06 08:57:12 Loaded file C:\ORCAD\ORCAD_10.5\TOOLS\LAYOUT\library\JUMPER.LLB
Mon May 06 08:57:12 Loaded file C:\ORCAD\ORCAD_10.5\TOOLS\LAYOUT\library\LAYOUT.llb
Mon May 06 08:57:12 Loaded file C:\ORCAD\ORCAD_10.5\TOOLS\LAYOUT\library\LCON100T.llb
Mon May 06 08:57:13 Loaded file C:\ORCAD\ORCAD_10.5\TOOLS\LAYOUT\library\PC104.llb
Mon May 06 08:57:13 Loaded file C:\ORCAD\ORCAD_10.5\TOOLS\LAYOUT\library\PCI.llb
Mon May 06 08:57:13 Loaded file C:\ORCAD\ORCAD_10.5\TOOLS\LAYOUT\library\PCON100T.llb
Mon May 06 08:57:13 Loaded file C:\ORCAD\ORCAD_10.5\TOOLS\LAYOUT\library\PCON156T.llb
Mon May 06 08:57:13 Loaded file C:\ORCAD\ORCAD_10.5\TOOLS\LAYOUT\library\PGA.llb
Mon May 06 08:57:13 Loaded file C:\ORCAD\ORCAD_10.5\TOOLS\LAYOUT\library\PLCC.llb
Mon May 06 08:57:13 Loaded file C:\ORCAD\ORCAD_10.5\TOOLS\LAYOUT\library\QUAD.llb
Mon May 06 08:57:13 Loaded file C:\ORCAD\ORCAD_10.5\TOOLS\LAYOUT\library\QUADB.llb
Mon May 06 08:57:13 Loaded file C:\ORCAD\ORCAD_10.5\TOOLS\LAYOUT\library\RELAY.llb
Mon May 06 08:57:13 Loaded file C:\ORCAD\ORCAD_10.5\TOOLS\LAYOUT\library\RF.llb
Mon May 06 08:57:13 Loaded file C:\ORCAD\ORCAD_10.5\TOOLS\LAYOUT\library\SBUS.llb
Mon May 06 08:57:13 Loaded file C:\ORCAD\ORCAD_10.5\TOOLS\LAYOUT\library\SIMM050F.llb
Mon May 06 08:57:13 Loaded file C:\ORCAD\ORCAD_10.5\TOOLS\LAYOUT\library\SIMM050T.llb
Mon May 06 08:57:13 Loaded file C:\ORCAD\ORCAD_10.5\TOOLS\LAYOUT\library\SIMM100F.llb
Mon May 06 08:57:13 Loaded file C:\ORCAD\ORCAD_10.5\TOOLS\LAYOUT\library\SIMM100T.llb
Mon May 06 08:57:13 Loaded file C:\ORCAD\ORCAD_10.5\TOOLS\LAYOUT\library\SIP.llb
Mon May 06 08:57:13 Loaded file C:\ORCAD\ORCAD_10.5\TOOLS\LAYOUT\library\SM.llb
Mon May 06 08:57:13 Loaded file C:\ORCAD\ORCAD_10.5\TOOLS\LAYOUT\library\SOG.llb
Mon May 06 08:57:13 Loaded file C:\ORCAD\ORCAD_10.5\TOOLS\LAYOUT\library\SOJ.llb
Mon May 06 08:57:13 Loaded file C:\ORCAD\ORCAD_10.5\TOOLS\LAYOUT\library\STIFF.llb
Mon May 06 08:57:13 Loaded file C:\ORCAD\ORCAD_10.5\TOOLS\LAYOUT\library\TELE.llb
Mon May 06 08:57:13 Loaded file C:\ORCAD\ORCAD_10.5\TOOLS\LAYOUT\library\TM_AXIAL.llb
Mon May 06 08:57:13 Loaded file C:\ORCAD\ORCAD_10.5\TOOLS\LAYOUT\library\TM_CAP_P.llb
Mon May 06 08:57:13 Loaded file C:\ORCAD\ORCAD_10.5\TOOLS\LAYOUT\library\TM_CYLND.llb
Mon May 06 08:57:13 Loaded file C:\ORCAD\ORCAD_10.5\TOOLS\LAYOUT\library\TM_DIODE.llb
Mon May 06 08:57:13 Loaded file C:\ORCAD\ORCAD_10.5\TOOLS\LAYOUT\library\TM_DISC.llb
Mon May 06 08:57:13 Loaded file C:\ORCAD\ORCAD_10.5\TOOLS\LAYOUT\library\TM_RAD.llb
Mon May 06 08:57:13 Loaded file C:\ORCAD\ORCAD_10.5\TOOLS\LAYOUT\library\TO.llb
Mon May 06 08:57:13 Loaded file C:\ORCAD\ORCAD_10.5\TOOLS\LAYOUT\library\TRAINING.LLB
Mon May 06 08:57:13 Loaded file C:\ORCAD\ORCAD_10.5\TOOLS\LAYOUT\library\VRES.llb
Mon May 06 08:57:13 Loaded file C:\ORCAD\ORCAD_10.5\TOOLS\LAYOUT\library\WCON100T.llb
Mon May 06 08:57:13 Loaded file C:\ORCAD\ORCAD_10.5\TOOLS\LAYOUT\library\XT.llb
Mon May 06 08:57:14 Loaded file C:\ORCAD\ORCAD_10.5\TOOLS\LAYOUT\library\ZIGZAG.llb
Mon May 06 08:57:14 Loaded file C:\ORCAD\ORCAD_10.5\TOOLS\LAYOUT\library\SIP.llb
Mon May 06 08:57:31 Loaded file C:\ORCAD\ORCAD_10.5\TOOLS\LAYOUT\data\template.imp
Mon May 06 08:57:31 Loaded file C:\ORCAD\ORCAD_10.5\TOOLS\LAYOUT\data\template.imp
Mon May 06 08:57:34 Loaded file Z:\DESIGNS\LIB\TEMCO4.LLB
Mon May 06 08:57:55 Loaded file C:\ORCAD\ORCAD_10.5\TOOLS\LAYOUT\data\template.imp
Mon May 06 08:58:16 Loaded file C:\ORCAD\ORCAD_10.5\TOOLS\LAYOUT\data\template.imp
Mon May 06 08:58:16 Loaded file C:\ORCAD\ORCAD_10.5\TOOLS\LAYOUT\data\template.imp
Mon May 06 08:58:24 Loaded file Z:\DESIGNS\CM5\TOP\REV5\MAIN\CM5MOD_REV5.LLB
Mon May 06 08:58:42 Loaded file C:\ORCAD\ORCAD_10.5\TOOLS\LAYOUT\data\template.imp
Mon May 06 08:58:43 Loaded file C:\ORCAD\ORCAD_10.5\TOOLS\LAYOUT\data\template.imp
Mon May 06 08:58:52 Loaded file C:\ORCAD\ORCAD_10.5\TOOLS\LAYOUT\data\template.imp
Mon May 06 08:58:54 Loaded file C:\ORCAD\ORCAD_10.5\TOOLS\LAYOUT\data\template.imp
Mon May 06 08:59:13 Loaded file Z:\DESIGNS\LIB\TEMCO4.LLB
Mon May 06 08:59:22 Loaded file C:\ORCAD\ORCAD_10.5\TOOLS\LAYOUT\data\template.imp
Mon May 06 08:59:23 Loaded file C:\ORCAD\ORCAD_10.5\TOOLS\LAYOUT\data\template.imp
Mon May 06 08:59:24 Loaded file C:\ORCAD\ORCAD_10.5\TOOLS\LAYOUT\data\template.imp
Mon May 06 08:59:25 Loaded file C:\ORCAD\ORCAD_10.5\TOOLS\LAYOUT\data\template.imp
Mon May 06 08:59:26 Loaded file C:\ORCAD\ORCAD_10.5\TOOLS\LAYOUT\data\template.imp
Mon May 06 08:59:27 Loaded file C:\ORCAD\ORCAD_10.5\TOOLS\LAYOUT\data\template.imp
Mon May 06 08:59:30 Loaded file C:\ORCAD\ORCAD_10.5\TOOLS\LAYOUT\data\template.imp
Mon May 06 08:59:34 Loaded file C:\ORCAD\ORCAD_10.5\TOOLS\LAYOUT\data\template.imp
Mon May 06 08:59:36 Loaded file C:\ORCAD\ORCAD_10.5\TOOLS\LAYOUT\data\template.imp
Mon May 06 08:59:47 Loaded file C:\ORCAD\ORCAD_10.5\TOOLS\LAYOUT\data\template.imp
Mon May 06 08:59:49 Loaded file C:\ORCAD\ORCAD_10.5\TOOLS\LAYOUT\data\template.imp
Mon May 06 08:59:50 Loaded file C:\ORCAD\ORCAD_10.5\TOOLS\LAYOUT\data\template.imp
Mon May 06 08:59:51 Loaded file C:\ORCAD\ORCAD_10.5\TOOLS\LAYOUT\data\template.imp
Mon May 06 09:00:26 Loaded file C:\ORCAD\ORCAD_10.5\TOOLS\LAYOUT\data\template.imp
Mon May 06 09:00:27 Loaded file C:\ORCAD\ORCAD_10.5\TOOLS\LAYOUT\data\template.imp
Mon May 06 09:00:28 Loaded file C:\ORCAD\ORCAD_10.5\TOOLS\LAYOUT\data\template.imp
Mon May 06 09:00:29 Loaded file C:\ORCAD\ORCAD_10.5\TOOLS\LAYOUT\data\template.imp
Mon May 06 09:00:30 Loaded file C:\ORCAD\ORCAD_10.5\TOOLS\LAYOUT\data\template.imp
Mon May 06 09:00:32 Loaded file C:\ORCAD\ORCAD_10.5\TOOLS\LAYOUT\data\template.imp
Mon May 06 09:00:33 Loaded file C:\ORCAD\ORCAD_10.5\TOOLS\LAYOUT\data\template.imp
Mon May 06 09:00:34 Loaded file C:\ORCAD\ORCAD_10.5\TOOLS\LAYOUT\data\template.imp
Mon May 06 09:00:35 Loaded file C:\ORCAD\ORCAD_10.5\TOOLS\LAYOUT\data\template.imp
Mon May 06 09:00:36 Loaded file C:\ORCAD\ORCAD_10.5\TOOLS\LAYOUT\data\template.imp
Mon May 06 09:00:37 Loaded file C:\ORCAD\ORCAD_10.5\TOOLS\LAYOUT\data\template.imp
Mon May 06 09:00:38 Loaded file C:\ORCAD\ORCAD_10.5\TOOLS\LAYOUT\data\template.imp
Mon May 06 09:00:39 Loaded file C:\ORCAD\ORCAD_10.5\TOOLS\LAYOUT\data\template.imp
Mon May 06 09:00:40 Loaded file C:\ORCAD\ORCAD_10.5\TOOLS\LAYOUT\data\template.imp
Mon May 06 09:00:41 Loaded file C:\ORCAD\ORCAD_10.5\TOOLS\LAYOUT\data\template.imp
Mon May 06 09:00:42 Loaded file C:\ORCAD\ORCAD_10.5\TOOLS\LAYOUT\data\template.imp
Mon May 06 09:00:43 Loaded file C:\ORCAD\ORCAD_10.5\TOOLS\LAYOUT\data\template.imp
Mon May 06 09:00:44 Loaded file C:\ORCAD\ORCAD_10.5\TOOLS\LAYOUT\data\template.imp
Mon May 06 09:03:35 Saved as file BACKUP1.MAX
Mon May 06 09:03:35 Saved as file Z:\DESIGNS\CM5\TOP\REV7\MAIN\CM5MOD_REV7.MAX
Mon May 06 09:03:39 UserDiv from Layout.INI for AutoECO: 60
Mon May 06 09:03:40 Loaded file Z:\DESIGNS\CM5\TOP\REV7\MAIN\CM5MOD_REV7.MAX
Mon May 06 09:03:40 Loaded file Z:\DESIGNS\CM5\TOP\REV5\MAIN\CM5MOD_REV5.LLB
Mon May 06 09:03:40 Loaded file Z:\DESIGNS\LIB\TEMCO4.LLB
Mon May 06 09:03:40 Loaded file C:\ORCAD\ORCAD_10.5\TOOLS\LAYOUT\library\BCON100T.llb
Mon May 06 09:03:40 Loaded file C:\ORCAD\ORCAD_10.5\TOOLS\LAYOUT\library\BCON156T.llb
Mon May 06 09:03:40 Loaded file C:\ORCAD\ORCAD_10.5\TOOLS\LAYOUT\library\BGA.llb
Mon May 06 09:03:40 Loaded file C:\ORCAD\ORCAD_10.5\TOOLS\LAYOUT\library\CLCC.llb
Mon May 06 09:03:40 Loaded file C:\ORCAD\ORCAD_10.5\TOOLS\LAYOUT\library\DCON050T.llb
Mon May 06 09:03:40 Loaded file C:\ORCAD\ORCAD_10.5\TOOLS\LAYOUT\library\DCON085T.llb
Mon May 06 09:03:40 Loaded file C:\ORCAD\ORCAD_10.5\TOOLS\LAYOUT\library\DIMM050F.llb
Mon May 06 09:03:40 Loaded file C:\ORCAD\ORCAD_10.5\TOOLS\LAYOUT\library\DIMM050T.llb
Mon May 06 09:03:40 Loaded file C:\ORCAD\ORCAD_10.5\TOOLS\LAYOUT\library\DIN.llb
Mon May 06 09:03:40 Loaded file C:\ORCAD\ORCAD_10.5\TOOLS\LAYOUT\library\DIP100B.llb
Mon May 06 09:03:40 Loaded file C:\ORCAD\ORCAD_10.5\TOOLS\LAYOUT\library\DIP100T.llb
Mon May 06 09:03:40 Loaded file C:\ORCAD\ORCAD_10.5\TOOLS\LAYOUT\library\DSUBT.llb
Mon May 06 09:03:40 Loaded file C:\ORCAD\ORCAD_10.5\TOOLS\LAYOUT\library\DSUBT_HD.LLB
Mon May 06 09:03:40 Loaded file C:\ORCAD\ORCAD_10.5\TOOLS\LAYOUT\library\ECON100T.llb
Mon May 06 09:03:40 Loaded file C:\ORCAD\ORCAD_10.5\TOOLS\LAYOUT\library\FBUS.llb
Mon May 06 09:03:40 Loaded file C:\ORCAD\ORCAD_10.5\TOOLS\LAYOUT\library\ISA.llb
Mon May 06 09:03:40 Loaded file C:\ORCAD\ORCAD_10.5\TOOLS\LAYOUT\library\JUMPER.LLB
Mon May 06 09:03:40 Loaded file C:\ORCAD\ORCAD_10.5\TOOLS\LAYOUT\library\LAYOUT.llb
Mon May 06 09:03:40 Loaded file C:\ORCAD\ORCAD_10.5\TOOLS\LAYOUT\library\LCON100T.llb
Mon May 06 09:03:40 Loaded file C:\ORCAD\ORCAD_10.5\TOOLS\LAYOUT\library\PC104.llb
Mon May 06 09:03:40 Loaded file C:\ORCAD\ORCAD_10.5\TOOLS\LAYOUT\library\PCI.llb
Mon May 06 09:03:40 Loaded file C:\ORCAD\ORCAD_10.5\TOOLS\LAYOUT\library\PCON100T.llb
Mon May 06 09:03:40 Loaded file C:\ORCAD\ORCAD_10.5\TOOLS\LAYOUT\library\PCON156T.llb
Mon May 06 09:03:40 Loaded file C:\ORCAD\ORCAD_10.5\TOOLS\LAYOUT\library\PGA.llb
Mon May 06 09:03:40 Loaded file C:\ORCAD\ORCAD_10.5\TOOLS\LAYOUT\library\PLCC.llb
Mon May 06 09:03:40 Loaded file C:\ORCAD\ORCAD_10.5\TOOLS\LAYOUT\library\QUAD.llb
Mon May 06 09:03:40 Loaded file C:\ORCAD\ORCAD_10.5\TOOLS\LAYOUT\library\QUADB.llb
Mon May 06 09:03:40 Loaded file C:\ORCAD\ORCAD_10.5\TOOLS\LAYOUT\library\RELAY.llb
Mon May 06 09:03:40 Loaded file C:\ORCAD\ORCAD_10.5\TOOLS\LAYOUT\library\RF.llb
Mon May 06 09:03:40 Loaded file C:\ORCAD\ORCAD_10.5\TOOLS\LAYOUT\library\SBUS.llb
Mon May 06 09:03:40 Loaded file C:\ORCAD\ORCAD_10.5\TOOLS\LAYOUT\library\SIMM050F.llb
Mon May 06 09:03:40 Loaded file C:\ORCAD\ORCAD_10.5\TOOLS\LAYOUT\library\SIMM050T.llb
Mon May 06 09:03:40 Loaded file C:\ORCAD\ORCAD_10.5\TOOLS\LAYOUT\library\SIMM100F.llb
Mon May 06 09:03:40 Loaded file C:\ORCAD\ORCAD_10.5\TOOLS\LAYOUT\library\SIMM100T.llb
Mon May 06 09:03:40 Loaded file C:\ORCAD\ORCAD_10.5\TOOLS\LAYOUT\library\SIP.llb
Mon May 06 09:03:40 Loaded file C:\ORCAD\ORCAD_10.5\TOOLS\LAYOUT\library\SM.llb
Mon May 06 09:03:40 Loaded file C:\ORCAD\ORCAD_10.5\TOOLS\LAYOUT\library\SOG.llb
Mon May 06 09:03:40 Loaded file C:\ORCAD\ORCAD_10.5\TOOLS\LAYOUT\library\SOJ.llb
Mon May 06 09:03:40 Loaded file C:\ORCAD\ORCAD_10.5\TOOLS\LAYOUT\library\STIFF.llb
Mon May 06 09:03:40 Loaded file C:\ORCAD\ORCAD_10.5\TOOLS\LAYOUT\library\TELE.llb
Mon May 06 09:03:40 Loaded file C:\ORCAD\ORCAD_10.5\TOOLS\LAYOUT\library\TM_AXIAL.llb
Mon May 06 09:03:40 Loaded file C:\ORCAD\ORCAD_10.5\TOOLS\LAYOUT\library\TM_CAP_P.llb
Mon May 06 09:03:40 Loaded file C:\ORCAD\ORCAD_10.5\TOOLS\LAYOUT\library\TM_CYLND.llb
Mon May 06 09:03:40 Loaded file C:\ORCAD\ORCAD_10.5\TOOLS\LAYOUT\library\TM_DIODE.llb
Mon May 06 09:03:40 Loaded file C:\ORCAD\ORCAD_10.5\TOOLS\LAYOUT\library\TM_DISC.llb
Mon May 06 09:03:40 Loaded file C:\ORCAD\ORCAD_10.5\TOOLS\LAYOUT\library\TM_RAD.llb
Mon May 06 09:03:40 Loaded file C:\ORCAD\ORCAD_10.5\TOOLS\LAYOUT\library\TO.llb
Mon May 06 09:03:40 Loaded file C:\ORCAD\ORCAD_10.5\TOOLS\LAYOUT\library\TRAINING.LLB
Mon May 06 09:03:40 Loaded file C:\ORCAD\ORCAD_10.5\TOOLS\LAYOUT\library\VRES.llb
Mon May 06 09:03:40 Loaded file C:\ORCAD\ORCAD_10.5\TOOLS\LAYOUT\library\WCON100T.llb
Mon May 06 09:03:40 Loaded file C:\ORCAD\ORCAD_10.5\TOOLS\LAYOUT\library\XT.llb
Mon May 06 09:03:40 Loaded file C:\ORCAD\ORCAD_10.5\TOOLS\LAYOUT\library\ZIGZAG.llb
Mon May 06 09:03:40 Loaded file C:\ORCAD\ORCAD_10.5\TOOLS\LAYOUT\library\SIP.llb
Mon May 06 09:03:45 Loaded file C:\ORCAD\ORCAD_10.5\TOOLS\LAYOUT\data\template.imp
Mon May 06 09:03:45 Loaded file C:\ORCAD\ORCAD_10.5\TOOLS\LAYOUT\data\template.imp
Mon May 06 09:03:46 Loaded file Z:\DESIGNS\CM5\TOP\REV5\MAIN\CM5MOD_REV5.LLB
Mon May 06 09:03:58 Loaded file Z:\DESIGNS\LIB\TEMCO4.LLB
Mon May 06 09:06:12 Loaded file Z:\DESIGNS\CM5\TOP\REV7\MAIN\CM5MOD_REV7.MAX
Mon May 06 09:08:07 Saved as file ~undo.max
Mon May 06 09:08:49 Saved as file ~undo.max
Mon May 06 09:10:11 Saved as file ~undo.max
Mon May 06 09:10:19 Saved as file ~undo.max
Mon May 06 09:10:24 Saved as file ~undo.max
Mon May 06 09:10:33 Saved as file ~undo.max
Mon May 06 09:10:46 Saved as file ~undo.max
Mon May 06 09:11:04 Saved as file BACKUP1.MAX
Mon May 06 09:11:47 Saved as file ~undo.max
Mon May 06 09:11:56 Saved as file ~undo.max
Mon May 06 09:12:14 Saved as file ~undo.max
Mon May 06 09:18:34 Saved as file BACKUP1.MAX
Mon May 06 09:26:04 Saved as file BACKUP1.MAX
Mon May 06 09:33:05 Saved as file ~undo.max
Mon May 06 09:33:25 Saved as file ~undo.max
Mon May 06 09:33:34 Saved as file BACKUP1.MAX
Mon May 06 09:41:04 Saved as file BACKUP1.MAX
Mon May 06 09:44:26 Saved as file ~undo.max
Mon May 06 09:44:41 Saved as file ~undo.max
Mon May 06 09:45:21 Saved as file ~undo.max
Mon May 06 09:45:26 Saved as file ~undo.max
Mon May 06 09:45:45 Saved as file ~undo.max
Mon May 06 09:45:52 Saved as file ~undo.max
Mon May 06 09:46:03 Saved as file ~undo.max
Mon May 06 09:46:09 Saved as file ~undo.max
Mon May 06 09:46:15 Saved as file ~undo.max
Mon May 06 09:46:20 Saved as file ~undo.max
Mon May 06 09:46:28 Saved as file ~undo.max
Mon May 06 09:46:39 Saved as file ~undo.max
Mon May 06 09:46:49 Saved as file Z:\DESIGNS\CM5\TOP\REV7\MAIN\CM5MOD_REV7.MAX
Mon May 06 09:47:02 Saved as file Z:\DESIGNS\CM5\TOP\REV7\MAIN\CM5MOD_REV7.MAX
Mon May 06 09:55:08 Saved as file ~undo.max
Mon May 06 09:55:14 Saved as file ~undo.max
Mon May 06 09:55:22 Saved as file ~undo.max
Mon May 06 09:55:25 Saved as file ~undo.max
Mon May 06 09:55:40 Saved as file ~undo.max
Mon May 06 09:55:50 Saved as file ~undo.max
Mon May 06 09:55:55 Saved as file ~undo.max
Mon May 06 09:56:05 Saved as file ~undo.max
Mon May 06 09:56:14 Saved as file BACKUP1.MAX
Mon May 06 09:56:29 Saved as file ~undo.max
Mon May 06 09:56:42 Saved as file ~undo.max
Mon May 06 09:56:45 Saved as file ~undo.max
Mon May 06 10:01:20 Saved as file ~undo.max
Mon May 06 10:03:44 Saved as file BACKUP1.MAX
Mon May 06 10:09:08 Saved as file ~undo.max
Mon May 06 10:11:14 Saved as file BACKUP1.MAX
Mon May 06 10:15:58 Saved as file ~undo.max
Mon May 06 10:16:57 Saved as file ~undo.max
Mon May 06 10:17:46 Saved as file ~undo.max
Mon May 06 10:18:35 Saved as file ~undo.max
Mon May 06 10:18:47 Saved as file BACKUP1.MAX
Mon May 06 10:20:20 Saved as file ~undo.max
Mon May 06 10:22:31 Saved as file ~undo.max
Mon May 06 10:25:52 Saved as file ~undo.max
Mon May 06 10:26:14 Saved as file BACKUP1.MAX
Mon May 06 10:26:37 Saved as file ~undo.max
Mon May 06 10:27:14 Saved as file ~undo.max
Mon May 06 10:28:21 Saved as file ~undo.max
Mon May 06 10:28:41 Saved as file ~undo.max
Mon May 06 10:28:44 Saved as file Z:\DESIGNS\CM5\TOP\REV7\MAIN\CM5MOD_REV7.MAX
Mon May 06 10:29:57 Saved as file ~undo.max
Mon May 06 10:30:57 Saved as file ~undo.max
Mon May 06 10:31:35 Saved as file ~undo.max
Mon May 06 10:33:44 Saved as file BACKUP1.MAX
Mon May 06 10:36:33 Saved as file ~undo.max
Mon May 06 10:37:58 Saved as file ~undo.max
Mon May 06 10:39:17 Saved as file ~undo.max
Mon May 06 10:41:14 Saved as file BACKUP1.MAX
Mon May 06 10:43:47 Saved as file ~undo.max
Mon May 06 10:44:33 Saved as file ~undo.max
Mon May 06 10:45:35 Saved as file ~undo.max
Mon May 06 10:48:44 Saved as file BACKUP1.MAX
Mon May 06 10:52:09 Saved as file ~undo.max
Mon May 06 10:52:30 Saved as file ~undo.max
Mon May 06 10:53:13 Saved as file ~undo.max
Mon May 06 10:53:41 Saved as file ~undo.max
Mon May 06 10:56:14 Saved as file BACKUP1.MAX
Mon May 06 10:57:44 Saved as file ~undo.max
Mon May 06 10:58:21 Saved as file ~undo.max
Mon May 06 10:58:53 Loaded file C:\ORCAD\ORCAD_10.5\TOOLS\LAYOUT\data\template.imp
Mon May 06 10:58:56 Loaded file C:\ORCAD\ORCAD_10.5\TOOLS\LAYOUT\data\template.imp
Mon May 06 10:59:06 Loaded file C:\ORCAD\ORCAD_10.5\TOOLS\LAYOUT\data\template.imp
Mon May 06 10:59:49 Loaded file C:\ORCAD\ORCAD_10.5\TOOLS\LAYOUT\data\template.imp
Mon May 06 10:59:53 Loaded file C:\ORCAD\ORCAD_10.5\TOOLS\LAYOUT\data\template.imp
Mon May 06 11:03:45 Saved as file BACKUP1.MAX
Mon May 06 11:09:17 Saved as file ~undo.max
Mon May 06 11:10:16 Saved as file ~undo.max
Mon May 06 11:11:14 Saved as file BACKUP1.MAX
Mon May 06 11:11:18 Saved as file ~undo.max
Mon May 06 11:11:46 Saved as file ~undo.max
Mon May 06 11:12:12 Saved as file ~undo.max
Mon May 06 11:15:04 Saved as file ~undo.max
Mon May 06 11:15:36 Saved as file ~undo.max
Mon May 06 11:16:09 Saved as file ~undo.max
Mon May 06 11:16:27 Saved as file ~undo.max
Mon May 06 11:17:01 Saved as file ~undo.max
Mon May 06 11:17:30 Saved as file ~undo.max
Mon May 06 11:17:59 Saved as file ~undo.max
Mon May 06 11:18:44 Saved as file BACKUP1.MAX
Mon May 06 11:26:14 Saved as file BACKUP1.MAX
Mon May 06 11:33:24 Saved as file ~undo.max
Mon May 06 11:33:44 Saved as file BACKUP1.MAX
Mon May 06 11:34:11 Saved as file ~undo.max
Mon May 06 11:41:14 Saved as file BACKUP1.MAX
Mon May 06 11:47:24 Saved as file ~undo.max
Mon May 06 11:47:28 Saved as file ~undo.max
Mon May 06 11:48:17 Saved as file ~undo.max
Mon May 06 11:48:44 Saved as file BACKUP1.MAX
Mon May 06 11:49:03 Saved as file ~undo.max
Mon May 06 11:49:10 Saved as file ~undo.max
Mon May 06 11:49:33 Saved as file ~undo.max
Mon May 06 11:51:07 Saved as file ~undo.max
Mon May 06 11:51:11 Saved as file ~undo.max
Mon May 06 11:51:49 Saved as file ~undo.max
Mon May 06 11:56:44 Saved as file BACKUP1.MAX
Mon May 06 12:04:14 Saved as file BACKUP1.MAX
Mon May 06 12:11:44 Saved as file BACKUP1.MAX
Mon May 06 12:19:14 Saved as file BACKUP1.MAX
Mon May 06 12:26:44 Saved as file BACKUP1.MAX
Mon May 06 12:33:43 Saved as file ~undo.max
Mon May 06 12:34:14 Saved as file BACKUP1.MAX
Mon May 06 12:41:44 Saved as file BACKUP1.MAX
Mon May 06 12:49:14 Saved as file BACKUP1.MAX
Mon May 06 12:56:14 Saved as file BACKUP1.MAX
Mon May 06 12:58:39 Saved as file ~undo.max
Mon May 06 13:02:56 Saved as file ~undo.max
Mon May 06 13:03:28 Saved as file ~undo.max
Mon May 06 13:03:52 Saved as file ~undo.max
Mon May 06 13:04:14 Saved as file ~undo.max
Mon May 06 13:04:14 Saved as file BACKUP1.MAX
Mon May 06 13:04:34 Saved as file ~undo.max
Mon May 06 13:04:56 Saved as file ~undo.max
Mon May 06 13:05:37 Saved as file ~undo.max
Mon May 06 13:06:00 Saved as file ~undo.max
Mon May 06 13:07:09 Saved as file ~undo.max
Mon May 06 13:07:30 Saved as file ~undo.max
Mon May 06 13:08:22 Saved as file ~undo.max
Mon May 06 13:09:22 Saved as file ~undo.max
Mon May 06 13:10:00 Saved as file ~undo.max
Mon May 06 13:11:44 Saved as file BACKUP1.MAX
Mon May 06 13:15:47 Loaded file C:\ORCAD\ORCAD_10.5\TOOLS\LAYOUT\data\template.imp
Mon May 06 13:15:51 Loaded file C:\ORCAD\ORCAD_10.5\TOOLS\LAYOUT\data\template.imp
Mon May 06 13:16:18 Saved as file ~undo.max
Mon May 06 13:16:56 Saved as file ~undo.max
Mon May 06 13:17:34 Saved as file ~undo.max
Mon May 06 13:18:07 Saved as file ~undo.max
Mon May 06 13:19:43 Saved as file ~undo.max
Mon May 06 13:19:55 Saved as file BACKUP1.MAX
Mon May 06 13:20:49 Saved as file ~undo.max
Mon May 06 13:27:14 Saved as file BACKUP1.MAX
Mon May 06 13:28:06 Saved as file Z:\DESIGNS\CM5\TOP\REV7\MAIN\CM5MOD_REV7.MAX
Mon May 06 13:31:11 Saved as file Z:\DESIGNS\CM5\TOP\REV7\MAIN\CM5MOD_REV7.MAX
Mon May 06 13:34:44 Saved as file BACKUP1.MAX
Mon May 06 13:34:56 Saved as file Z:\DESIGNS\CM5\TOP\REV7\MAIN\CM5MOD_REV7.MAX
Mon May 06 13:35:28 Saved as file Z:\DESIGNS\CM5\TOP\REV7\MAIN\CM5MOD_REV7.MAX
Mon May 06 13:42:14 Saved as file BACKUP1.MAX
Mon May 06 13:42:57 Saved as file ~undo.max
Mon May 06 13:46:38 Saved as file Z:\DESIGNS\CM5\TOP\REV7\MAIN\CM5MOD_REV7.MAX
Mon May 06 13:49:44 Saved as file BACKUP1.MAX
Mon May 06 13:57:14 Saved as file BACKUP1.MAX
Mon May 06 14:11:30 Loaded file C:\ORCAD\ORCAD_10.5\TOOLS\LAYOUT\data\template.imp
Mon May 06 15:26:26 Loaded file C:\ORCAD\ORCAD_10.5\TOOLS\LAYOUT\data\template.imp
Mon May 06 15:26:27 Loaded file C:\ORCAD\ORCAD_10.5\TOOLS\LAYOUT\data\template.imp
Mon May 06 15:29:49 Loaded file C:\ORCAD\ORCAD_10.5\TOOLS\LAYOUT\data\template.imp
Mon May 06 17:18:36 Loaded file C:\ORCAD\ORCAD_10.5\TOOLS\LAYOUT\data\template.imp
Mon May 06 17:18:40 Loaded file C:\ORCAD\ORCAD_10.5\TOOLS\LAYOUT\data\template.imp
Mon May 06 17:18:44 Loaded file Z:\DESIGNS\CM5\TOP\REV7\MAIN\CM5MOD_REV7.MAX
Mon May 06 17:18:45 Saved as file Z:\DESIGNS\CM5\TOP\REV7\MAIN\CM5MOD_REV7.MAX
